e:\grand chase\sources\ernas reborn client & server\newlauncher\release\vc141.pdb
e:\grand chase\sources\ernas reborn client & server\newlauncher\release\main.obj
e:\grand chase\sources\ernas reborn client & server\newlauncher\release\gui.obj
e:\grand chase\sources\ernas reborn client & server\newlauncher\release\imgui_widgets.obj
e:\grand chase\sources\ernas reborn client & server\newlauncher\release\imgui_tables.obj
e:\grand chase\sources\ernas reborn client & server\newlauncher\release\imgui_draw.obj
e:\grand chase\sources\ernas reborn client & server\newlauncher\release\imgui.obj
e:\grand chase\sources\ernas reborn client & server\newlauncher\release\imgui_impl_win32.obj
e:\grand chase\sources\ernas reborn client & server\newlauncher\release\imgui_impl_dx9.obj
e:\grand chase\sources\ernas reborn client & server\release\newlauncher.exe
e:\grand chase\sources\ernas reborn client & server\release\newlauncher.pdb
e:\grand chase\sources\ernas reborn client & server\release\newlauncher.ipdb
e:\grand chase\sources\ernas reborn client & server\release\newlauncher.iobj
e:\grand chase\sources\ernas reborn client & server\newlauncher\release\newlauncher.tlog\cl.command.1.tlog
e:\grand chase\sources\ernas reborn client & server\newlauncher\release\newlauncher.tlog\cl.read.1.tlog
e:\grand chase\sources\ernas reborn client & server\newlauncher\release\newlauncher.tlog\cl.write.1.tlog
e:\grand chase\sources\ernas reborn client & server\newlauncher\release\newlauncher.tlog\link.command.1.tlog
e:\grand chase\sources\ernas reborn client & server\newlauncher\release\newlauncher.tlog\link.read.1.tlog
e:\grand chase\sources\ernas reborn client & server\newlauncher\release\newlauncher.tlog\link.write.1.tlog
e:\grand chase\sources\ernas reborn client & server\newlauncher\release\newlauncher.tlog\newlauncher.write.1u.tlog
