c:\users\bcg\documents\github\trickster-options\source\setup\output\trickster options\vc143.pdb
c:\users\bcg\documents\github\trickster-options\source\setup\output\trickster options\main.obj
c:\users\bcg\documents\github\trickster-options\source\setup\output\trickster options\language.obj
c:\users\bcg\documents\github\trickster-options\source\setup\output\trickster options\helper.obj
c:\users\bcg\documents\github\trickster-options\source\setup\output\trickster options\gui.obj
c:\users\bcg\documents\github\trickster-options\source\setup\output\trickster options\imgui_widgets.obj
c:\users\bcg\documents\github\trickster-options\source\setup\output\trickster options\imgui_tables.obj
c:\users\bcg\documents\github\trickster-options\source\setup\output\trickster options\imgui_draw.obj
c:\users\bcg\documents\github\trickster-options\source\setup\output\trickster options\imgui.obj
c:\users\bcg\documents\github\trickster-options\source\setup\output\trickster options\imgui_impl_win32.obj
c:\users\bcg\documents\github\trickster-options\source\setup\output\trickster options\imgui_impl_dx9.obj
c:\users\bcg\documents\github\trickster-options\output\trickster options\setup.exe
c:\users\bcg\documents\github\trickster-options\output\trickster options\setup.pdb
c:\users\bcg\documents\github\trickster-options\source\setup\output\trickster options\setup.res
c:\users\bcg\documents\github\trickster-options\source\setup\output\trickster options\setup.ipdb
c:\users\bcg\documents\github\trickster-options\source\setup\output\trickster options\setup.iobj
c:\users\selene\documents\github\trickster-options\source\setup\output\trickster options\gui.obj
c:\users\selene\documents\github\trickster-options\source\setup\output\trickster options\helper.obj
c:\users\selene\documents\github\trickster-options\source\setup\output\trickster options\imgui.obj
c:\users\selene\documents\github\trickster-options\source\setup\output\trickster options\imgui_draw.obj
c:\users\selene\documents\github\trickster-options\source\setup\output\trickster options\imgui_impl_dx9.obj
c:\users\selene\documents\github\trickster-options\source\setup\output\trickster options\imgui_impl_win32.obj
c:\users\selene\documents\github\trickster-options\source\setup\output\trickster options\imgui_tables.obj
c:\users\selene\documents\github\trickster-options\source\setup\output\trickster options\imgui_widgets.obj
c:\users\selene\documents\github\trickster-options\source\setup\output\trickster options\language.obj
c:\users\selene\documents\github\trickster-options\source\setup\output\trickster options\main.obj
c:\users\selene\documents\github\trickster-options\source\setup\output\trickster options\setup.ipdb
c:\users\selene\documents\github\trickster-options\source\setup\output\trickster options\setup.iobj
c:\users\selene\documents\github\trickster-options\source\setup\output\trickster options\setup.res
c:\users\selene\documents\github\trickster-options\source\setup\output\trickster options\vc143.pdb
c:\users\selene\documents\github\trickster-options\output\trickster options\setup.pdb
c:\users\selene\documents\github\trickster-options\output\trickster options\setup.exe
c:\users\selene\documents\github\trickster-options\source\setup\output\trickster options\setup.tlog\cl.command.1.tlog
c:\users\selene\documents\github\trickster-options\source\setup\output\trickster options\setup.tlog\cl.items.tlog
c:\users\selene\documents\github\trickster-options\source\setup\output\trickster options\setup.tlog\cl.read.1.tlog
c:\users\selene\documents\github\trickster-options\source\setup\output\trickster options\setup.tlog\cl.write.1.tlog
c:\users\selene\documents\github\trickster-options\source\setup\output\trickster options\setup.tlog\link.command.1.tlog
c:\users\selene\documents\github\trickster-options\source\setup\output\trickster options\setup.tlog\link.read.1.tlog
c:\users\selene\documents\github\trickster-options\source\setup\output\trickster options\setup.tlog\link.secondary.1.tlog
c:\users\selene\documents\github\trickster-options\source\setup\output\trickster options\setup.tlog\link.write.1.tlog
c:\users\selene\documents\github\trickster-options\source\setup\output\trickster options\setup.tlog\rc.command.1.tlog
c:\users\selene\documents\github\trickster-options\source\setup\output\trickster options\setup.tlog\rc.read.1.tlog
c:\users\selene\documents\github\trickster-options\source\setup\output\trickster options\setup.tlog\rc.write.1.tlog
